Creating venv at C:\Users\anubh\envs\ml_global...
Activating...
Installing PyTorch CUDA 12.1...
Looking in indexes: https://download.pytorch.org/whl/cu121
Collecting torch
  Downloading https://download.pytorch.org/whl/cu121/torch-2.5.1%2Bcu121-cp310-cp310-win_amd64.whl (2449.4 MB)
     -                                        0.1/2.4 GB 2.3 MB/s eta 0:17:01
ERROR: Operation cancelled by user
Terminate batch job (Y/N)? 
^CInstalling other requirements...
Traceback (most recent call last):
  File "C:\Users\anubh\AppData\Local\Programs\Python\Python310\lib\runpy.py", line 196, in _run_module_as_main
    return _run_code(code, main_globals, None,
  File "C:\Users\anubh\AppData\Local\Programs\Python\Python310\lib\runpy.py", line 86, in _run_code
    exec(code, run_globals)
  File "C:\Users\anubh\envs\ml_global\Scripts\pip.exe\__main__.py", line 4, in <module>
  File "C:\Users\anubh\envs\ml_global\lib\site-packages\pip\_internal\cli\main.py", line 9, in <module>
    from pip._internal.cli.autocompletion import autocomplete
  File "C:\Users\anubh\envs\ml_global\lib\site-packages\pip\_internal\cli\autocompletion.py", line 10, in <module>
    from pip._internal.cli.main_parser import create_main_parser
  File "C:\Users\anubh\envs\ml_global\lib\site-packages\pip\_internal\cli\main_parser.py", line 9, in <module>
    from pip._internal.build_env import get_runnable_pip
  File "C:\Users\anubh\envs\ml_global\lib\site-packages\pip\_internal\build_env.py", line 15, in <module>
    from pip._vendor.packaging.requirements import Requirement
  File "C:\Users\anubh\envs\ml_global\lib\site-packages\pip\_vendor\packaging\requirements.py", line 23, in <module>
    from .markers import MARKER_EXPR, Marker
  File "C:\Users\anubh\envs\ml_global\lib\site-packages\pip\_vendor\packaging\markers.py", line 23, in <module>
    from .specifiers import InvalidSpecifier, Specifier
  File "C:\Users\anubh\envs\ml_global\lib\site-packages\pip\_vendor\packaging\specifiers.py", line 299, in <module>
    class Specifier(_IndividualSpecifier):
  File "C:\Users\anubh\envs\ml_global\lib\site-packages\pip\_vendor\packaging\specifiers.py", line 394, in Specifier
    _regex = re.compile(r"^\s*" + _regex_str + r"\s*$", re.VERBOSE | re.IGNORECASE)
  File "C:\Users\anubh\AppData\Local\Programs\Python\Python310\lib\re.py", line 251, in compile
    return _compile(pattern, flags)
  File "C:\Users\anubh\AppData\Local\Programs\Python\Python310\lib\re.py", line 303, in _compile
    p = sre_compile.compile(pattern, flags)
  File "C:\Users\anubh\AppData\Local\Programs\Python\Python310\lib\sre_compile.py", line 792, in compile
    code = _code(p, flags)
  File "C:\Users\anubh\AppData\Local\Programs\Python\Python310\lib\sre_compile.py", line 631, in _code
    _compile(code, p.data, flags)
  File "C:\Users\anubh\AppData\Local\Programs\Python\Python310\lib\sre_compile.py", line 184, in _compile
    _compile(code, p, _combine_flags(flags, add_flags, del_flags))
  File "C:\Users\anubh\AppData\Local\Programs\Python\Python310\lib\sre_compile.py", line 225, in _compile
    _compile(code, av, flags)
  File "C:\Users\anubh\AppData\Local\Programs\Python\Python310\lib\sre_compile.py", line 172, in _compile
    _compile(code, av[2], flags)
  File "C:\Users\anubh\AppData\Local\Programs\Python\Python310\lib\sre_compile.py", line 225, in _compile
    _compile(code, av, flags)
  File "C:\Users\anubh\AppData\Local\Programs\Python\Python310\lib\sre_compile.py", line 172, in _compile
    _compile(code, av[2], flags)
  File "C:\Users\anubh\AppData\Local\Programs\Python\Python310\lib\sre_compile.py", line 172, in _compile
    _compile(code, av[2], flags)
  File "C:\Users\anubh\AppData\Local\Programs\Python\Python310\lib\sre_compile.py", line 107, in _compile
    if op in LITERAL_CODES:
KeyboardInterrupt
^CTerminate batch job (Y/N)? 
^CSetup Done.
Traceback (most recent call last):
  File "C:\Users\anubh\OneDrive\Desktop\LAST\Teacher-LAST\scripts\dry_run.py", line 17, in <module>
    import numpy as np
ModuleNotFoundError: No module named 'numpy'
